<?xml version="1.0" encoding="UTF-8"?>
<!-- Generated by org.testng.reporters.JUnitReportReporter -->
<testsuite hostname="DESKTOP-P4BNBKS" failures="0" tests="4" name="api.test.UserTests2" time="3.314" errors="0" timestamp="2023-11-10T18:48:38 GET" skipped="0">
  <testcase classname="api.test.UserTests2" name="testPostUser" time="0.931"/>
  <testcase classname="api.test.UserTests2" name="testUserByName" time="0.788"/>
  <testcase classname="api.test.UserTests2" name="testUpdateUserByName" time="0.807"/>
  <testcase classname="api.test.UserTests2" name="testDeleteUserByName" time="0.788"/>
</testsuite> <!-- api.test.UserTests2 -->
