<?xml version="1.0" encoding="UTF-8"?>
<!-- Generated by org.testng.reporters.JUnitReportReporter -->
<testsuite hostname="DESKTOP-P4BNBKS" failures="0" tests="9" name="api.test.DDTest" time="9.976" errors="0" timestamp="2023-11-10T18:48:38 GET" skipped="0">
  <testcase classname="api.test.DDTest" name="testPostUser" time="3.288"/>
  <testcase classname="api.test.DDTest" name="testPostUser" time="0.818"/>
  <testcase classname="api.test.DDTest" name="testPostUser" time="0.813"/>
  <testcase classname="api.test.DDTest" name="testUserByName" time="0.817"/>
  <testcase classname="api.test.DDTest" name="testUserByName" time="0.800"/>
  <testcase classname="api.test.DDTest" name="testUserByName" time="0.894"/>
  <testcase classname="api.test.DDTest" name="testDeleteUserByName" time="0.909"/>
  <testcase classname="api.test.DDTest" name="testDeleteUserByName" time="0.791"/>
  <testcase classname="api.test.DDTest" name="testDeleteUserByName" time="0.846"/>
</testsuite> <!-- api.test.DDTest -->
