<?xml version="1.0" encoding="UTF-8"?>
<!-- Generated by org.testng.reporters.JUnitReportReporter -->
<testsuite hostname="DESKTOP-P4BNBKS" failures="0" tests="4" name="api.test.UserTests" time="3.078" errors="0" timestamp="2023-11-10T18:48:38 GET" skipped="0">
  <testcase classname="api.test.UserTests" name="testPostUser" time="0.770"/>
  <testcase classname="api.test.UserTests" name="testUserByName" time="0.760"/>
  <testcase classname="api.test.UserTests" name="testUpdateUserByName" time="0.762"/>
  <testcase classname="api.test.UserTests" name="testDeleteUserByName" time="0.786"/>
</testsuite> <!-- api.test.UserTests -->
